# Logfile created on Mon Sep 14 13:06:08 +1000 2009  [4;36;1mSQL (4.0ms)[0m   [0;1mSET client_min_messages TO 'panic'[0m
  [4;35;1mSQL (1.0ms)[0m   [0mSET client_min_messages TO 'notice'[0m
  [4;36;1mSQL (1.0ms)[0m   [0;1mSET client_encoding TO 'utf8'[0m


Processing FeaturesController#index (for 127.0.0.1 at 2009-09-14 13:08:11) [GET]
  Parameters: {"package_id"=>"1"}
  [4;35;1mPlatter::Package Load (4.0ms)[0m   [0mSELECT * FROM "packages" WHERE ("packages"."id" = 1) [0m
Rendering template within layouts/main
Rendering features/index
  [4;36;1mPlatter::Feature Load (3.0ms)[0m   [0;1mSELECT * FROM "features" WHERE ("features".package_id = 1) [0m
  [4;35;1mCACHE (0.0ms)[0m   [0mSELECT * FROM "packages" WHERE ("packages"."id" = 1) [0m
Rendered features/_show_common (7.0ms)
Rendered features/_show_shrunk (23.0ms)
Rendered features/_show_shrunk_with_div (30.0ms)
Completed in 315ms (View: 202, DB: 13) | 200 OK [http://localhost/packages/1/features]
  [4;36;1mSQL (1.0ms)[0m   [0;1mSET client_min_messages TO 'panic'[0m
  [4;35;1mSQL (2.0ms)[0m   [0mSET client_min_messages TO 'notice'[0m
  [4;36;1mSQL (1.0ms)[0m   [0;1mSET client_encoding TO 'utf8'[0m


Processing FeaturesController#index (for 127.0.0.1 at 2009-09-14 13:08:12) [GET]
  Parameters: {"package_id"=>"1"}
  [4;35;1mPlatter::Package Load (2.0ms)[0m   [0mSELECT * FROM "packages" WHERE ("packages"."id" = 1) [0m
Rendering template within layouts/main
Rendering features/index
  [4;36;1mPlatter::Feature Load (4.0ms)[0m   [0;1mSELECT * FROM "features" WHERE ("features".package_id = 1) [0m
  [4;35;1mCACHE (0.0ms)[0m   [0mSELECT * FROM "packages" WHERE ("packages"."id" = 1) [0m
Rendered features/_show_common (7.0ms)
Rendered features/_show_shrunk (13.0ms)
Rendered features/_show_shrunk_with_div (15.0ms)
Completed in 68ms (View: 35, DB: 10) | 200 OK [http://localhost/packages/1/features]
  [4;36;1mSQL (2.0ms)[0m   [0;1mSET client_min_messages TO 'panic'[0m
  [4;35;1mSQL (1.0ms)[0m   [0mSET client_min_messages TO 'notice'[0m
  [4;36;1mSQL (2.0ms)[0m   [0;1mSET client_encoding TO 'utf8'[0m


Processing FeaturesController#new (for 127.0.0.1 at 2009-09-14 13:08:14) [GET]
  Parameters: {"package_id"=>"1", "authenticity_token"=>"541o0tZJY6v0PMcPIL5yW/HvObk7olQDo0/5Opy9EQo="}
  [4;35;1mPlatter::Package Load (4.0ms)[0m   [0mSELECT * FROM "packages" WHERE ("packages"."id" = 1) [0m
Rendering features/new
Rendered features/_form_common (5.0ms)
Rendered features/_form_new (206.0ms)
Completed in 251ms (View: 221, DB: 9) | 200 OK [http://localhost/packages/1/features/new?authenticity_token=541o0tZJY6v0PMcPIL5yW%2FHvObk7olQDo0%2F5Opy9EQo%3D]
  [4;36;1mSQL (2.0ms)[0m   [0;1mSET client_min_messages TO 'panic'[0m
  [4;35;1mSQL (2.0ms)[0m   [0mSET client_min_messages TO 'notice'[0m
  [4;36;1mSQL (3.0ms)[0m   [0;1mSET client_encoding TO 'utf8'[0m


Processing FeaturesController#create (for 127.0.0.1 at 2009-09-14 13:08:19) [POST]
  Parameters: {"package_id"=>"1", "feature"=>{"title"=>"Second Feature"}, "commit"=>"Add", "authenticity_token"=>"541o0tZJY6v0PMcPIL5yW/HvObk7olQDo0/5Opy9EQo="}
  [4;35;1mPlatter::Package Load (4.0ms)[0m   [0mSELECT * FROM "packages" WHERE ("packages"."id" = 1) [0m
  [4;36;1mSQL (1.0ms)[0m   [0;1mBEGIN[0m
  [4;35;1mSQL (2.0ms)[0m   [0mINSERT INTO "features" ("package_id", "created_at", "title", "updated_at") VALUES(1, '2009-09-14 03:08:19.093481', E'Second Feature', '2009-09-14 03:08:19.093481') RETURNING "id"[0m
  [4;36;1mSQL (2.0ms)[0m   [0;1mCOMMIT[0m
Rendering features/create
Rendered features/_show_common (7.0ms)
Rendered features/_show_shrunk (11.0ms)
Rendered features/_show_shrunk_with_div (13.0ms)
Completed in 82ms (View: 22, DB: 16) | 200 OK [http://localhost/packages/1/features]
  [4;35;1mSQL (3.0ms)[0m   [0mSET client_min_messages TO 'panic'[0m
  [4;36;1mSQL (1.0ms)[0m   [0;1mSET client_min_messages TO 'notice'[0m
  [4;35;1mSQL (2.0ms)[0m   [0mSET client_encoding TO 'utf8'[0m


Processing FeaturesController#show (for 127.0.0.1 at 2009-09-14 13:08:20) [GET]
  Parameters: {"package_id"=>"1", "authenticity_token"=>"541o0tZJY6v0PMcPIL5yW/HvObk7olQDo0/5Opy9EQo=", "id"=>"1"}
  [4;36;1mPlatter::Feature Load (4.0ms)[0m   [0;1mSELECT * FROM "features" WHERE ("features"."id" = 1) [0m
Rendering features/show
  [4;35;1mPlatter::FeatureLine Load (5.0ms)[0m   [0mSELECT * FROM "feature_lines" WHERE ("feature_lines".feature_id = 1) ORDER BY position[0m
  [4;36;1mPlatter::Package Load (5.0ms)[0m   [0;1mSELECT * FROM "packages" WHERE ("packages"."id" = 1) [0m
Rendered lines/_list (36.0ms)
  [4;35;1mPlatter::Scenario Load (37.0ms)[0m   [0mSELECT * FROM "scenarios" WHERE ("scenarios".feature_id = 1) ORDER BY position[0m

ActionView::TemplateError (undefined method `new_feature_scenario_path' for #<ActionView::Base:0x7eeacbc0>) on line #9 of app/views/scenarios/_list.html.erb:
6: <div id="<%= dom_id(feature, :new_scenario) %>">
7: </div>
8: <div id="<%= dom_id(feature, :add_scenario) %>">
9:   &nbsp;&nbsp;&nbsp;&nbsp;<%= link_to_remote("Add Scenario", :url => new_feature_scenario_path(feature), :method => :get) %>
10: </div>

    app/views/scenarios/_list.html.erb:9
    app/views/features/_show_expanded.html.erb:3
    app/views/features/show.html.erb:1
    /usr/lib/ruby/1.8/webrick/httpserver.rb:104:in `service'
    /usr/lib/ruby/1.8/webrick/httpserver.rb:65:in `run'
    /usr/lib/ruby/1.8/webrick/server.rb:173:in `start_thread'
    /usr/lib/ruby/1.8/webrick/server.rb:162:in `start'
    /usr/lib/ruby/1.8/webrick/server.rb:162:in `start_thread'
    /usr/lib/ruby/1.8/webrick/server.rb:95:in `start'
    /usr/lib/ruby/1.8/webrick/server.rb:92:in `each'
    /usr/lib/ruby/1.8/webrick/server.rb:92:in `start'
    /usr/lib/ruby/1.8/webrick/server.rb:23:in `start'
    /usr/lib/ruby/1.8/webrick/server.rb:82:in `start'

Rendered rescues/_trace (203.0ms)
Rendered rescues/_request_and_response (2.0ms)
Rendering rescues/layout (internal_server_error)
  [4;36;1mSQL (2.0ms)[0m   [0;1mSET client_min_messages TO 'panic'[0m
  [4;35;1mSQL (1.0ms)[0m   [0mSET client_min_messages TO 'notice'[0m
  [4;36;1mSQL (2.0ms)[0m   [0;1mSET client_encoding TO 'utf8'[0m


Processing FeaturesController#index (for 127.0.0.1 at 2009-09-14 13:11:01) [GET]
  Parameters: {"package_id"=>"1"}
  [4;35;1mPlatter::Package Load (4.0ms)[0m   [0mSELECT * FROM "packages" WHERE ("packages"."id" = 1) [0m
Rendering template within layouts/main
Rendering features/index
  [4;36;1mPlatter::Feature Load (4.0ms)[0m   [0;1mSELECT * FROM "features" WHERE ("features".package_id = 1) [0m
  [4;35;1mCACHE (0.0ms)[0m   [0mSELECT * FROM "packages" WHERE ("packages"."id" = 1) [0m
Rendered features/_show_common (9.0ms)
Rendered features/_show_shrunk (13.0ms)
Rendered features/_show_shrunk_with_div (15.0ms)
  [4;36;1mCACHE (0.0ms)[0m   [0;1mSELECT * FROM "packages" WHERE ("packages"."id" = 1) [0m
Rendered features/_show_common (7.0ms)
Rendered features/_show_shrunk (12.0ms)
Rendered features/_show_shrunk_with_div (13.0ms)
Completed in 90ms (View: 56, DB: 13) | 200 OK [http://localhost/packages/1/features]
  [4;35;1mSQL (1.0ms)[0m   [0mSET client_min_messages TO 'panic'[0m
  [4;36;1mSQL (2.0ms)[0m   [0;1mSET client_min_messages TO 'notice'[0m
  [4;35;1mSQL (2.0ms)[0m   [0mSET client_encoding TO 'utf8'[0m


Processing FeaturesController#show (for 127.0.0.1 at 2009-09-14 13:11:03) [GET]
  Parameters: {"package_id"=>"1", "authenticity_token"=>"541o0tZJY6v0PMcPIL5yW/HvObk7olQDo0/5Opy9EQo=", "id"=>"2"}
  [4;36;1mPlatter::Feature Load (3.0ms)[0m   [0;1mSELECT * FROM "features" WHERE ("features"."id" = 2) [0m
Rendering features/show
  [4;35;1mPlatter::FeatureLine Load (6.0ms)[0m   [0mSELECT * FROM "feature_lines" WHERE ("feature_lines".feature_id = 2) ORDER BY position[0m
  [4;36;1mPlatter::Package Load (4.0ms)[0m   [0;1mSELECT * FROM "packages" WHERE ("packages"."id" = 1) [0m
Rendered lines/_list (36.0ms)
  [4;35;1mPlatter::Scenario Load (4.0ms)[0m   [0mSELECT * FROM "scenarios" WHERE ("scenarios".feature_id = 2) ORDER BY position[0m

ActionView::TemplateError (undefined method `new_feature_scenario_path' for #<ActionView::Base:0x7ede1d94>) on line #9 of app/views/scenarios/_list.html.erb:
6: <div id="<%= dom_id(feature, :new_scenario) %>">
7: </div>
8: <div id="<%= dom_id(feature, :add_scenario) %>">
9:   &nbsp;&nbsp;&nbsp;&nbsp;<%= link_to_remote("Add Scenario", :url => new_feature_scenario_path(feature), :method => :get) %>
10: </div>

    app/views/scenarios/_list.html.erb:9
    app/views/features/_show_expanded.html.erb:3
    app/views/features/show.html.erb:1
    /usr/lib/ruby/1.8/webrick/httpserver.rb:104:in `service'
    /usr/lib/ruby/1.8/webrick/httpserver.rb:65:in `run'
    /usr/lib/ruby/1.8/webrick/server.rb:173:in `start_thread'
    /usr/lib/ruby/1.8/webrick/server.rb:162:in `start'
    /usr/lib/ruby/1.8/webrick/server.rb:162:in `start_thread'
    /usr/lib/ruby/1.8/webrick/server.rb:95:in `start'
    /usr/lib/ruby/1.8/webrick/server.rb:92:in `each'
    /usr/lib/ruby/1.8/webrick/server.rb:92:in `start'
    /usr/lib/ruby/1.8/webrick/server.rb:23:in `start'
    /usr/lib/ruby/1.8/webrick/server.rb:82:in `start'

Rendered rescues/_trace (80.0ms)
Rendered rescues/_request_and_response (1.0ms)
Rendering rescues/layout (internal_server_error)
  [4;36;1mSQL (3.0ms)[0m   [0;1mSET client_min_messages TO 'panic'[0m
  [4;35;1mSQL (12.0ms)[0m   [0mSET client_min_messages TO 'notice'[0m
  [4;36;1mSQL (0.0ms)[0m   [0;1mSET client_encoding TO 'utf8'[0m


Processing FeaturesController#index (for 127.0.0.1 at 2009-09-14 13:15:10) [GET]
  Parameters: {"package_id"=>"1"}
  [4;35;1mPlatter::Package Load (31.0ms)[0m   [0mSELECT * FROM "packages" WHERE ("packages"."id" = 1) [0m
Rendering template within layouts/main
Rendering features/index
  [4;36;1mPlatter::Feature Load (10.0ms)[0m   [0;1mSELECT * FROM "features" WHERE ("features".package_id = 1) [0m
  [4;35;1mCACHE (0.0ms)[0m   [0mSELECT * FROM "packages" WHERE ("packages"."id" = 1) [0m
Rendered features/_show_common (7.0ms)
Rendered features/_show_shrunk (12.0ms)
Rendered features/_show_shrunk_with_div (25.0ms)
  [4;36;1mCACHE (0.0ms)[0m   [0;1mSELECT * FROM "packages" WHERE ("packages"."id" = 1) [0m
Rendered features/_show_common (7.0ms)
Rendered features/_show_shrunk (11.0ms)
Rendered features/_show_shrunk_with_div (12.0ms)
Completed in 180ms (View: 73, DB: 56) | 200 OK [http://localhost/packages/1/features]
  [4;35;1mSQL (4.0ms)[0m   [0mSET client_min_messages TO 'panic'[0m
  [4;36;1mSQL (2.0ms)[0m   [0;1mSET client_min_messages TO 'notice'[0m
  [4;35;1mSQL (2.0ms)[0m   [0mSET client_encoding TO 'utf8'[0m


Processing FeaturesController#show (for 127.0.0.1 at 2009-09-14 13:15:14) [GET]
  Parameters: {"package_id"=>"1", "authenticity_token"=>"541o0tZJY6v0PMcPIL5yW/HvObk7olQDo0/5Opy9EQo=", "id"=>"1"}
  [4;36;1mPlatter::Feature Load (6.0ms)[0m   [0;1mSELECT * FROM "features" WHERE ("features"."id" = 1) [0m
Rendering features/show
  [4;35;1mPlatter::FeatureLine Load (6.0ms)[0m   [0mSELECT * FROM "feature_lines" WHERE ("feature_lines".feature_id = 1) ORDER BY position[0m
  [4;36;1mPlatter::Package Load (5.0ms)[0m   [0;1mSELECT * FROM "packages" WHERE ("packages"."id" = 1) [0m
Rendered lines/_list (36.0ms)
  [4;35;1mPlatter::Scenario Load (7.0ms)[0m   [0mSELECT * FROM "scenarios" WHERE ("scenarios".feature_id = 1) ORDER BY position[0m
Rendered scenarios/_list (148.0ms)
Rendered features/_show_common (8.0ms)
Rendered features/_show_expanded (204.0ms)
Completed in 234ms (View: 188, DB: 32) | 200 OK [http://localhost/packages/1/features/1?authenticity_token=541o0tZJY6v0PMcPIL5yW%2FHvObk7olQDo0%2F5Opy9EQo%3D]
  [4;36;1mSQL (2.0ms)[0m   [0;1mSET client_min_messages TO 'panic'[0m
  [4;35;1mSQL (2.0ms)[0m   [0mSET client_min_messages TO 'notice'[0m
  [4;36;1mSQL (2.0ms)[0m   [0;1mSET client_encoding TO 'utf8'[0m


Processing FeaturesController#shrink (for 127.0.0.1 at 2009-09-14 13:15:16) [GET]
  Parameters: {"authenticity_token"=>"541o0tZJY6v0PMcPIL5yW/HvObk7olQDo0/5Opy9EQo=", "id"=>"1"}
  [4;35;1mPlatter::Feature Load (3.0ms)[0m   [0mSELECT * FROM "features" WHERE ("features"."id" = 1) [0m
Rendering features/shrink
  [4;36;1mPlatter::Package Load (4.0ms)[0m   [0;1mSELECT * FROM "packages" WHERE ("packages"."id" = 1) [0m
Rendered features/_show_common (7.0ms)
Rendered features/_show_shrunk (33.0ms)
Completed in 68ms (View: 38, DB: 13) | 200 OK [http://localhost/features/shrink/1?authenticity_token=541o0tZJY6v0PMcPIL5yW%2FHvObk7olQDo0%2F5Opy9EQo%3D]
  [4;35;1mSQL (1.0ms)[0m   [0mSET client_min_messages TO 'panic'[0m
  [4;36;1mSQL (1.0ms)[0m   [0;1mSET client_min_messages TO 'notice'[0m
  [4;35;1mSQL (2.0ms)[0m   [0mSET client_encoding TO 'utf8'[0m


Processing FeaturesController#show (for 127.0.0.1 at 2009-09-14 13:15:18) [GET]
  Parameters: {"package_id"=>"1", "authenticity_token"=>"541o0tZJY6v0PMcPIL5yW/HvObk7olQDo0/5Opy9EQo=", "id"=>"1"}
  [4;36;1mPlatter::Feature Load (4.0ms)[0m   [0;1mSELECT * FROM "features" WHERE ("features"."id" = 1) [0m
Rendering features/show
  [4;35;1mPlatter::FeatureLine Load (5.0ms)[0m   [0mSELECT * FROM "feature_lines" WHERE ("feature_lines".feature_id = 1) ORDER BY position[0m
  [4;36;1mPlatter::Package Load (4.0ms)[0m   [0;1mSELECT * FROM "packages" WHERE ("packages"."id" = 1) [0m
Rendered lines/_list (32.0ms)
  [4;35;1mPlatter::Scenario Load (3.0ms)[0m   [0mSELECT * FROM "scenarios" WHERE ("scenarios".feature_id = 1) ORDER BY position[0m
Rendered scenarios/_list (15.0ms)
Rendered features/_show_common (9.0ms)
Rendered features/_show_expanded (63.0ms)
Completed in 92ms (View: 53, DB: 20) | 200 OK [http://localhost/packages/1/features/1?authenticity_token=541o0tZJY6v0PMcPIL5yW%2FHvObk7olQDo0%2F5Opy9EQo%3D]
  [4;36;1mSQL (2.0ms)[0m   [0;1mSET client_min_messages TO 'panic'[0m
  [4;35;1mSQL (2.0ms)[0m   [0mSET client_min_messages TO 'notice'[0m
  [4;36;1mSQL (2.0ms)[0m   [0;1mSET client_encoding TO 'utf8'[0m


Processing LinesController#new (for 127.0.0.1 at 2009-09-14 13:15:19) [GET]
  Parameters: {"package_id"=>"1", "authenticity_token"=>"541o0tZJY6v0PMcPIL5yW/HvObk7olQDo0/5Opy9EQo=", "feature_id"=>"1"}
  [4;35;1mPlatter::Feature Load (7.0ms)[0m   [0mSELECT * FROM "features" WHERE ("features"."id" = 1) [0m
Rendering lines/new
  [4;36;1mPlatter::Package Load (6.0ms)[0m   [0;1mSELECT * FROM "packages" WHERE ("packages"."id" = 1) [0m
Rendered lines/_form_common (5.0ms)
Rendered lines/_form_new (73.0ms)
Completed in 125ms (View: 87, DB: 19) | 200 OK [http://localhost/packages/1/features/1/lines/new?authenticity_token=541o0tZJY6v0PMcPIL5yW%2FHvObk7olQDo0%2F5Opy9EQo%3D]
  [4;35;1mSQL (2.0ms)[0m   [0mSET client_min_messages TO 'panic'[0m
  [4;36;1mSQL (1.0ms)[0m   [0;1mSET client_min_messages TO 'notice'[0m
  [4;35;1mSQL (2.0ms)[0m   [0mSET client_encoding TO 'utf8'[0m


Processing LinesController#create (for 127.0.0.1 at 2009-09-14 13:15:22) [POST]
  Parameters: {"package_id"=>"1", "commit"=>"Add", "line"=>{"text"=>"First Line"}, "authenticity_token"=>"541o0tZJY6v0PMcPIL5yW/HvObk7olQDo0/5Opy9EQo=", "feature_id"=>"1"}
  [4;36;1mPlatter::Feature Load (4.0ms)[0m   [0;1mSELECT * FROM "features" WHERE ("features"."id" = 1) [0m
  [4;35;1mSQL (2.0ms)[0m   [0mBEGIN[0m
  [4;36;1mPlatter::FeatureLine Load (28.0ms)[0m   [0;1mSELECT * FROM "feature_lines" WHERE (feature_id = 1) ORDER BY position DESC LIMIT 1[0m
  [4;35;1mSQL (44.0ms)[0m   [0mINSERT INTO "feature_lines" ("position", "created_at", "updated_at", "text", "feature_id") VALUES(1, '2009-09-14 03:15:22.845481', '2009-09-14 03:15:22.845481', E'First Line', 1) RETURNING "id"[0m
  [4;36;1mSQL (44.0ms)[0m   [0;1mCOMMIT[0m
Rendering lines/create
  [4;35;1mPlatter::Package Load (4.0ms)[0m   [0mSELECT * FROM "packages" WHERE ("packages"."id" = 1) [0m
Rendered lines/_show (32.0ms)
Rendered lines/_show_with_div (174.0ms)
Completed in 360ms (View: 189, DB: 131) | 200 OK [http://localhost/packages/1/features/1/lines]
  [4;36;1mSQL (2.0ms)[0m   [0;1mSET client_min_messages TO 'panic'[0m
  [4;35;1mSQL (1.0ms)[0m   [0mSET client_min_messages TO 'notice'[0m
  [4;36;1mSQL (2.0ms)[0m   [0;1mSET client_encoding TO 'utf8'[0m


Processing LinesController#edit (for 127.0.0.1 at 2009-09-14 13:15:25) [GET]
  Parameters: {"package_id"=>"1", "authenticity_token"=>"541o0tZJY6v0PMcPIL5yW/HvObk7olQDo0/5Opy9EQo=", "id"=>"1", "feature_id"=>"1"}
  [4;35;1mPlatter::FeatureLine Load (3.0ms)[0m   [0mSELECT * FROM "feature_lines" WHERE ("feature_lines"."id" = 1) [0m
Rendering lines/edit
  [4;36;1mPlatter::Feature Load (4.0ms)[0m   [0;1mSELECT * FROM "features" WHERE ("features"."id" = 1) [0m
  [4;35;1mPlatter::Package Load (3.0ms)[0m   [0mSELECT * FROM "packages" WHERE ("packages"."id" = 1) [0m
Rendered lines/_form_common (4.0ms)
Rendered lines/_form_edit (70.0ms)
Completed in 112ms (View: 79, DB: 15) | 200 OK [http://localhost/packages/1/features/1/lines/1/edit?authenticity_token=541o0tZJY6v0PMcPIL5yW%2FHvObk7olQDo0%2F5Opy9EQo%3D]
  [4;36;1mSQL (2.0ms)[0m   [0;1mSET client_min_messages TO 'panic'[0m
  [4;35;1mSQL (3.0ms)[0m   [0mSET client_min_messages TO 'notice'[0m
  [4;36;1mSQL (2.0ms)[0m   [0;1mSET client_encoding TO 'utf8'[0m


Processing LinesController#update (for 127.0.0.1 at 2009-09-14 13:15:28) [PUT]
  Parameters: {"package_id"=>"1", "commit"=>"Update", "line"=>{"text"=>"First Updated Line"}, "authenticity_token"=>"541o0tZJY6v0PMcPIL5yW/HvObk7olQDo0/5Opy9EQo=", "id"=>"1", "feature_id"=>"1"}
  [4;35;1mPlatter::FeatureLine Load (4.0ms)[0m   [0mSELECT * FROM "feature_lines" WHERE ("feature_lines"."id" = 1) [0m
  [4;36;1mSQL (1.0ms)[0m   [0;1mBEGIN[0m
  [4;35;1mPlatter::FeatureLine Update (72.0ms)[0m   [0mUPDATE "feature_lines" SET "updated_at" = '2009-09-14 03:15:28.790481', "text" = E'First Updated Line' WHERE "id" = 1[0m
  [4;36;1mSQL (1.0ms)[0m   [0;1mCOMMIT[0m
Rendering lines/show
  [4;35;1mPlatter::Feature Load (3.0ms)[0m   [0mSELECT * FROM "features" WHERE ("features"."id" = 1) [0m
  [4;36;1mPlatter::Package Load (4.0ms)[0m   [0;1mSELECT * FROM "packages" WHERE ("packages"."id" = 1) [0m
Rendered lines/_show (41.0ms)
Completed in 159ms (View: 47, DB: 92) | 200 OK [http://localhost/packages/1/features/1/lines/1]
  [4;35;1mSQL (1.0ms)[0m   [0mSET client_min_messages TO 'panic'[0m
  [4;36;1mSQL (2.0ms)[0m   [0;1mSET client_min_messages TO 'notice'[0m
  [4;35;1mSQL (2.0ms)[0m   [0mSET client_encoding TO 'utf8'[0m


Processing LinesController#destroy (for 127.0.0.1 at 2009-09-14 13:15:30) [DELETE]
  Parameters: {"package_id"=>"1", "authenticity_token"=>"541o0tZJY6v0PMcPIL5yW/HvObk7olQDo0/5Opy9EQo=", "id"=>"1", "feature_id"=>"1"}
  [4;36;1mSQL (1.0ms)[0m   [0;1mBEGIN[0m
  [4;35;1mPlatter::FeatureLine Load (6.0ms)[0m   [0mSELECT * FROM "feature_lines" WHERE ("feature_lines"."id" = 1) [0m
  [4;36;1mPlatter::FeatureLine Update (33.0ms)[0m   [0;1mUPDATE "feature_lines" SET position = (position - 1) WHERE (feature_id = 1 AND position > 1) [0m
  [4;35;1mPlatter::FeatureLine Destroy (1.0ms)[0m   [0mDELETE FROM "feature_lines" WHERE "id" = 1[0m
  [4;36;1mSQL (4.0ms)[0m   [0;1mCOMMIT[0m
Rendering lines/destroy
Completed in 86ms (View: 8, DB: 50) | 200 OK [http://localhost/packages/1/features/1/lines/1]
  [4;35;1mSQL (1.0ms)[0m   [0mSET client_min_messages TO 'panic'[0m
  [4;36;1mSQL (2.0ms)[0m   [0;1mSET client_min_messages TO 'notice'[0m
  [4;35;1mSQL (1.0ms)[0m   [0mSET client_encoding TO 'utf8'[0m


Processing LinesController#new (for 127.0.0.1 at 2009-09-14 13:15:37) [GET]
  Parameters: {"package_id"=>"1", "authenticity_token"=>"541o0tZJY6v0PMcPIL5yW/HvObk7olQDo0/5Opy9EQo=", "feature_id"=>"1"}
  [4;36;1mPlatter::Feature Load (3.0ms)[0m   [0;1mSELECT * FROM "features" WHERE ("features"."id" = 1) [0m
Rendering lines/new
  [4;35;1mPlatter::Package Load (3.0ms)[0m   [0mSELECT * FROM "packages" WHERE ("packages"."id" = 1) [0m
Rendered lines/_form_common (3.0ms)
Rendered lines/_form_new (62.0ms)
Completed in 90ms (View: 62, DB: 10) | 200 OK [http://localhost/packages/1/features/1/lines/new?authenticity_token=541o0tZJY6v0PMcPIL5yW%2FHvObk7olQDo0%2F5Opy9EQo%3D]
  [4;36;1mSQL (2.0ms)[0m   [0;1mSET client_min_messages TO 'panic'[0m
  [4;35;1mSQL (2.0ms)[0m   [0mSET client_min_messages TO 'notice'[0m
  [4;36;1mSQL (1.0ms)[0m   [0;1mSET client_encoding TO 'utf8'[0m


Processing LinesController#create (for 127.0.0.1 at 2009-09-14 13:15:41) [POST]
  Parameters: {"package_id"=>"1", "commit"=>"Add", "line"=>{"text"=>"First Line"}, "authenticity_token"=>"541o0tZJY6v0PMcPIL5yW/HvObk7olQDo0/5Opy9EQo=", "feature_id"=>"1"}
  [4;35;1mPlatter::Feature Load (3.0ms)[0m   [0mSELECT * FROM "features" WHERE ("features"."id" = 1) [0m
  [4;36;1mSQL (1.0ms)[0m   [0;1mBEGIN[0m
  [4;35;1mPlatter::FeatureLine Load (5.0ms)[0m   [0mSELECT * FROM "feature_lines" WHERE (feature_id = 1) ORDER BY position DESC LIMIT 1[0m
  [4;36;1mSQL (2.0ms)[0m   [0;1mINSERT INTO "feature_lines" ("position", "created_at", "updated_at", "text", "feature_id") VALUES(1, '2009-09-14 03:15:41.869481', '2009-09-14 03:15:41.869481', E'First Line', 1) RETURNING "id"[0m
  [4;35;1mSQL (1.0ms)[0m   [0mCOMMIT[0m
Rendering lines/create
  [4;36;1mPlatter::Package Load (5.0ms)[0m   [0;1mSELECT * FROM "packages" WHERE ("packages"."id" = 1) [0m
Rendered lines/_show (27.0ms)
Rendered lines/_show_with_div (29.0ms)
Completed in 226ms (View: 28, DB: 22) | 200 OK [http://localhost/packages/1/features/1/lines]
  [4;35;1mSQL (2.0ms)[0m   [0mSET client_min_messages TO 'panic'[0m
  [4;36;1mSQL (1.0ms)[0m   [0;1mSET client_min_messages TO 'notice'[0m
  [4;35;1mSQL (2.0ms)[0m   [0mSET client_encoding TO 'utf8'[0m


Processing ScenariosController#new (for 127.0.0.1 at 2009-09-14 13:15:43) [GET]
  Parameters: {"package_id"=>"1", "authenticity_token"=>"541o0tZJY6v0PMcPIL5yW/HvObk7olQDo0/5Opy9EQo=", "feature_id"=>"1"}
  [4;36;1mPlatter::Feature Load (6.0ms)[0m   [0;1mSELECT * FROM "features" WHERE ("features"."id" = 1) [0m
Rendering scenarios/new
  [4;35;1mPlatter::Package Load (4.0ms)[0m   [0mSELECT * FROM "packages" WHERE ("packages"."id" = 1) [0m
Rendered scenarios/_form_common (4.0ms)
Rendered scenarios/_form_new (78.0ms)
Completed in 126ms (View: 91, DB: 15) | 200 OK [http://localhost/packages/1/features/1/scenarios/new?authenticity_token=541o0tZJY6v0PMcPIL5yW%2FHvObk7olQDo0%2F5Opy9EQo%3D]
  [4;36;1mSQL (1.0ms)[0m   [0;1mSET client_min_messages TO 'panic'[0m
  [4;35;1mSQL (1.0ms)[0m   [0mSET client_min_messages TO 'notice'[0m
  [4;36;1mSQL (2.0ms)[0m   [0;1mSET client_encoding TO 'utf8'[0m


Processing ScenariosController#create (for 127.0.0.1 at 2009-09-14 13:15:46) [POST]
  Parameters: {"package_id"=>"1", "commit"=>"Add", "authenticity_token"=>"541o0tZJY6v0PMcPIL5yW/HvObk7olQDo0/5Opy9EQo=", "feature_id"=>"1", "scenario"=>{"title"=>"First Scenario"}}
  [4;35;1mPlatter::Feature Load (5.0ms)[0m   [0mSELECT * FROM "features" WHERE ("features"."id" = 1) [0m
  [4;36;1mSQL (1.0ms)[0m   [0;1mBEGIN[0m
  [4;35;1mPlatter::Scenario Load (4.0ms)[0m   [0mSELECT * FROM "scenarios" WHERE (feature_id = 1) ORDER BY position DESC LIMIT 1[0m
  [4;36;1mSQL (47.0ms)[0m   [0;1mINSERT INTO "scenarios" ("position", "created_at", "title", "updated_at", "feature_id") VALUES(1, '2009-09-14 03:15:46.914481', E'First Scenario', '2009-09-14 03:15:46.914481', 1) RETURNING "id"[0m
  [4;35;1mSQL (1.0ms)[0m   [0mCOMMIT[0m
Rendering scenarios/create
  [4;36;1mPlatter::Step Load (3.0ms)[0m   [0;1mSELECT * FROM "steps" WHERE ("steps".scenario_id = 1) ORDER BY position[0m

ActionView::TemplateError (undefined method `new_feature_scenario_step_path' for #<ActionView::Base:0x7ee7d8e8>) on line #9 of app/views/steps/_list.html.erb:
6: <div id="<%= dom_id(scenario, :new_step) %>">
7: </div>
8: <div id="<%= dom_id(scenario, :add_step) %>">
9:   &nbsp;&nbsp;&nbsp;&nbsp;&nbsp;&nbsp;&nbsp;&nbsp;<%= link_to_remote("Add Step", :url => new_feature_scenario_step_path(scenario.feature, scenario), :method => :get) %>
10: </div>

    app/views/steps/_list.html.erb:9
    app/views/scenarios/_show.html.erb:2
    app/views/scenarios/_show_with_div.html.erb:2
    app/views/scenarios/_show_with_div.html.erb:1
    app/views/scenarios/create.rjs:3:in `_run_rjs_app47views47scenarios47create46rjs'
    app/views/scenarios/create.rjs:1:in `_run_rjs_app47views47scenarios47create46rjs'
    /usr/lib/ruby/1.8/webrick/httpserver.rb:104:in `service'
    /usr/lib/ruby/1.8/webrick/httpserver.rb:65:in `run'
    /usr/lib/ruby/1.8/webrick/server.rb:173:in `start_thread'
    /usr/lib/ruby/1.8/webrick/server.rb:162:in `start'
    /usr/lib/ruby/1.8/webrick/server.rb:162:in `start_thread'
    /usr/lib/ruby/1.8/webrick/server.rb:95:in `start'
    /usr/lib/ruby/1.8/webrick/server.rb:92:in `each'
    /usr/lib/ruby/1.8/webrick/server.rb:92:in `start'
    /usr/lib/ruby/1.8/webrick/server.rb:23:in `start'
    /usr/lib/ruby/1.8/webrick/server.rb:82:in `start'

Rendered rescues/_trace (104.0ms)
Rendered rescues/_request_and_response (1.0ms)
Rendering rescues/layout (internal_server_error)
  [4;35;1mSQL (2.0ms)[0m   [0mSET client_min_messages TO 'panic'[0m
  [4;36;1mSQL (1.0ms)[0m   [0;1mSET client_min_messages TO 'notice'[0m
  [4;35;1mSQL (3.0ms)[0m   [0mSET client_encoding TO 'utf8'[0m


Processing ScenariosController#create (for 127.0.0.1 at 2009-09-14 13:15:48) [POST]
  Parameters: {"package_id"=>"1", "commit"=>"Add", "authenticity_token"=>"541o0tZJY6v0PMcPIL5yW/HvObk7olQDo0/5Opy9EQo=", "feature_id"=>"1", "scenario"=>{"title"=>"First Scenario"}}
  [4;36;1mPlatter::Feature Load (4.0ms)[0m   [0;1mSELECT * FROM "features" WHERE ("features"."id" = 1) [0m
  [4;35;1mSQL (1.0ms)[0m   [0mBEGIN[0m
  [4;36;1mPlatter::Scenario Load (4.0ms)[0m   [0;1mSELECT * FROM "scenarios" WHERE (feature_id = 1) ORDER BY position DESC LIMIT 1[0m
  [4;35;1mSQL (1.0ms)[0m   [0mINSERT INTO "scenarios" ("position", "created_at", "title", "updated_at", "feature_id") VALUES(2, '2009-09-14 03:15:49.043481', E'First Scenario', '2009-09-14 03:15:49.043481', 1) RETURNING "id"[0m
  [4;36;1mSQL (2.0ms)[0m   [0;1mCOMMIT[0m
Rendering scenarios/create
  [4;35;1mPlatter::Step Load (5.0ms)[0m   [0mSELECT * FROM "steps" WHERE ("steps".scenario_id = 2) ORDER BY position[0m

ActionView::TemplateError (undefined method `new_feature_scenario_step_path' for #<ActionView::Base:0x7ee1bf58>) on line #9 of app/views/steps/_list.html.erb:
6: <div id="<%= dom_id(scenario, :new_step) %>">
7: </div>
8: <div id="<%= dom_id(scenario, :add_step) %>">
9:   &nbsp;&nbsp;&nbsp;&nbsp;&nbsp;&nbsp;&nbsp;&nbsp;<%= link_to_remote("Add Step", :url => new_feature_scenario_step_path(scenario.feature, scenario), :method => :get) %>
10: </div>

    app/views/steps/_list.html.erb:9
    app/views/scenarios/_show.html.erb:2
    app/views/scenarios/_show_with_div.html.erb:2
    app/views/scenarios/_show_with_div.html.erb:1
    app/views/scenarios/create.rjs:3:in `_run_rjs_app47views47scenarios47create46rjs'
    app/views/scenarios/create.rjs:1:in `_run_rjs_app47views47scenarios47create46rjs'
    /usr/lib/ruby/1.8/webrick/httpserver.rb:104:in `service'
    /usr/lib/ruby/1.8/webrick/httpserver.rb:65:in `run'
    /usr/lib/ruby/1.8/webrick/server.rb:173:in `start_thread'
    /usr/lib/ruby/1.8/webrick/server.rb:162:in `start'
    /usr/lib/ruby/1.8/webrick/server.rb:162:in `start_thread'
    /usr/lib/ruby/1.8/webrick/server.rb:95:in `start'
    /usr/lib/ruby/1.8/webrick/server.rb:92:in `each'
    /usr/lib/ruby/1.8/webrick/server.rb:92:in `start'
    /usr/lib/ruby/1.8/webrick/server.rb:23:in `start'
    /usr/lib/ruby/1.8/webrick/server.rb:82:in `start'

Rendered rescues/_trace (328.0ms)
Rendered rescues/_request_and_response (0.0ms)
Rendering rescues/layout (internal_server_error)
  [4;36;1mSQL (0.0ms)[0m   [0;1mSET client_min_messages TO 'panic'[0m
  [4;35;1mSQL (2.0ms)[0m   [0mSET client_min_messages TO 'notice'[0m
  [4;36;1mSQL (1.0ms)[0m   [0;1mSET client_encoding TO 'utf8'[0m
  [4;35;1mSQL (77.0ms)[0m   [0mSELECT version FROM schema_migrations[0m
  [4;36;1mSQL (1.0ms)[0m   [0;1mSET client_min_messages TO 'panic'[0m
  [4;35;1mSQL (1.0ms)[0m   [0mSET client_min_messages TO 'notice'[0m
  [4;36;1mSQL (1.0ms)[0m   [0;1mSET client_encoding TO 'utf8'[0m
  [4;35;1mSQL (21.0ms)[0m   [0mSET search_path TO public[0m
  [4;36;1mSQL (600.0ms)[0m   [0;1mDROP DATABASE IF EXISTS "platter_test"[0m
  [4;35;1mSQL (1.0ms)[0m   [0mSET client_min_messages TO 'panic'[0m
  [4;36;1mSQL (0.0ms)[0m   [0;1mSET client_min_messages TO 'notice'[0m
  [4;35;1mSQL (1.0ms)[0m   [0mSET client_encoding TO 'utf8'[0m
  [4;36;1mSQL (1.0ms)[0m   [0;1mSET search_path TO public[0m
  [4;35;1mSQL (9675.0ms)[0m   [0mCREATE DATABASE "platter_test" ENCODING = 'utf8'[0m
  [4;36;1mSQL (1.0ms)[0m   [0;1mSET client_min_messages TO 'panic'[0m
  [4;35;1mSQL (2.0ms)[0m   [0mSET client_min_messages TO 'notice'[0m
  [4;36;1mSQL (0.0ms)[0m   [0;1mSET client_encoding TO 'utf8'[0m
  [4;35;1mSQL (194.0ms)[0m   [0mCREATE TABLE "feature_lines" ("id" serial primary key, "feature_id" integer NOT NULL, "position" integer NOT NULL, "text" character varying(255) NOT NULL, "created_at" timestamp, "updated_at" timestamp) [0m
  [4;36;1mSQL (80.0ms)[0m   [0;1mCREATE TABLE "features" ("id" serial primary key, "title" character varying(255) NOT NULL, "created_at" timestamp, "updated_at" timestamp, "package_id" integer NOT NULL) [0m
  [4;35;1mSQL (126.0ms)[0m   [0mCREATE TABLE "packages" ("id" serial primary key, "parent_id" integer, "name" character varying(255) NOT NULL) [0m
  [4;36;1mSQL (89.0ms)[0m   [0;1mCREATE TABLE "scenarios" ("id" serial primary key, "feature_id" integer NOT NULL, "position" integer NOT NULL, "title" character varying(255) NOT NULL, "created_at" timestamp, "updated_at" timestamp) [0m
  [4;35;1mSQL (75.0ms)[0m   [0mCREATE TABLE "steps" ("id" serial primary key, "scenario_id" integer NOT NULL, "position" integer NOT NULL, "text" character varying(255) NOT NULL, "created_at" timestamp, "updated_at" timestamp) [0m
  [4;36;1mSQL (42.0ms)[0m   [0;1mCREATE TABLE "schema_migrations" ("version" character varying(255) NOT NULL) [0m
  [4;35;1mSQL (113.0ms)[0m   [0mCREATE UNIQUE INDEX "unique_schema_migrations" ON "schema_migrations" ("version")[0m
  [4;36;1mSQL (6.0ms)[0m   [0;1mSELECT version FROM "schema_migrations"[0m
  [4;35;1mSQL (3.0ms)[0m   [0mINSERT INTO "schema_migrations" (version) VALUES ('20090911071012')[0m
  [4;36;1mSQL (20.0ms)[0m   [0;1mINSERT INTO "schema_migrations" (version) VALUES ('20090901063602')[0m
  [4;35;1mSQL (5.0ms)[0m   [0mINSERT INTO "schema_migrations" (version) VALUES ('20090901063603')[0m
  [4;36;1mSQL (3.0ms)[0m   [0;1mINSERT INTO "schema_migrations" (version) VALUES ('20090901063622')[0m
  [4;35;1mSQL (4.0ms)[0m   [0mINSERT INTO "schema_migrations" (version) VALUES ('20090902054059')[0m
  [4;36;1mSQL (1.0ms)[0m   [0;1mINSERT INTO "schema_migrations" (version) VALUES ('20090911070641')[0m
  [4;36;1mSQL (0.0ms)[0m   [0;1mSET client_min_messages TO 'panic'[0m
  [4;35;1mSQL (1.0ms)[0m   [0mSET client_min_messages TO 'notice'[0m
  [4;36;1mSQL (1.0ms)[0m   [0;1mSET client_encoding TO 'utf8'[0m
  [4;35;1mSQL (2.0ms)[0m   [0mSELECT version FROM schema_migrations[0m
  [4;36;1mSQL (0.0ms)[0m   [0;1mSET client_min_messages TO 'panic'[0m
  [4;35;1mSQL (1.0ms)[0m   [0mSET client_min_messages TO 'notice'[0m
  [4;36;1mSQL (0.0ms)[0m   [0;1mSET client_encoding TO 'utf8'[0m
  [4;35;1mSQL (1.0ms)[0m   [0mSET search_path TO public[0m
  [4;36;1mSQL (903.0ms)[0m   [0;1mDROP DATABASE IF EXISTS "platter_test"[0m
  [4;35;1mSQL (0.0ms)[0m   [0mSET client_min_messages TO 'panic'[0m
  [4;36;1mSQL (0.0ms)[0m   [0;1mSET client_min_messages TO 'notice'[0m
  [4;35;1mSQL (1.0ms)[0m   [0mSET client_encoding TO 'utf8'[0m
  [4;36;1mSQL (0.0ms)[0m   [0;1mSET search_path TO public[0m
  [4;35;1mSQL (4503.0ms)[0m   [0mCREATE DATABASE "platter_test" ENCODING = 'utf8'[0m
  [4;36;1mSQL (0.0ms)[0m   [0;1mSET client_min_messages TO 'panic'[0m
  [4;35;1mSQL (0.0ms)[0m   [0mSET client_min_messages TO 'notice'[0m
  [4;36;1mSQL (1.0ms)[0m   [0;1mSET client_encoding TO 'utf8'[0m
  [4;35;1mSQL (299.0ms)[0m   [0mCREATE TABLE "feature_lines" ("id" serial primary key, "feature_id" integer NOT NULL, "position" integer NOT NULL, "text" character varying(255) NOT NULL, "created_at" timestamp, "updated_at" timestamp) [0m
  [4;36;1mSQL (88.0ms)[0m   [0;1mCREATE TABLE "features" ("id" serial primary key, "title" character varying(255) NOT NULL, "created_at" timestamp, "updated_at" timestamp, "package_id" integer NOT NULL) [0m
  [4;35;1mSQL (118.0ms)[0m   [0mCREATE TABLE "packages" ("id" serial primary key, "parent_id" integer, "name" character varying(255) NOT NULL) [0m
  [4;36;1mSQL (75.0ms)[0m   [0;1mCREATE TABLE "scenarios" ("id" serial primary key, "feature_id" integer NOT NULL, "position" integer NOT NULL, "title" character varying(255) NOT NULL, "created_at" timestamp, "updated_at" timestamp) [0m
  [4;35;1mSQL (74.0ms)[0m   [0mCREATE TABLE "steps" ("id" serial primary key, "scenario_id" integer NOT NULL, "position" integer NOT NULL, "text" character varying(255) NOT NULL, "created_at" timestamp, "updated_at" timestamp) [0m
  [4;36;1mSQL (12.0ms)[0m   [0;1mCREATE TABLE "schema_migrations" ("version" character varying(255) NOT NULL) [0m
  [4;35;1mSQL (40.0ms)[0m   [0mCREATE UNIQUE INDEX "unique_schema_migrations" ON "schema_migrations" ("version")[0m
  [4;36;1mSQL (4.0ms)[0m   [0;1mSELECT version FROM "schema_migrations"[0m
  [4;35;1mSQL (5.0ms)[0m   [0mINSERT INTO "schema_migrations" (version) VALUES ('20090911071012')[0m
  [4;36;1mSQL (5.0ms)[0m   [0;1mINSERT INTO "schema_migrations" (version) VALUES ('20090901063602')[0m
  [4;35;1mSQL (3.0ms)[0m   [0mINSERT INTO "schema_migrations" (version) VALUES ('20090901063603')[0m
  [4;36;1mSQL (2.0ms)[0m   [0;1mINSERT INTO "schema_migrations" (version) VALUES ('20090901063622')[0m
  [4;35;1mSQL (1.0ms)[0m   [0mINSERT INTO "schema_migrations" (version) VALUES ('20090902054059')[0m
  [4;36;1mSQL (2.0ms)[0m   [0;1mINSERT INTO "schema_migrations" (version) VALUES ('20090911070641')[0m
  [4;36;1mSQL (2.0ms)[0m   [0;1mSET client_min_messages TO 'panic'[0m
  [4;35;1mSQL (2.0ms)[0m   [0mSET client_min_messages TO 'notice'[0m
  [4;36;1mSQL (2.0ms)[0m   [0;1mSET client_encoding TO 'utf8'[0m


Processing ScenariosController#create (for 127.0.0.1 at 2009-09-14 13:22:42) [POST]
  Parameters: {"package_id"=>"1", "commit"=>"Add", "authenticity_token"=>"541o0tZJY6v0PMcPIL5yW/HvObk7olQDo0/5Opy9EQo=", "feature_id"=>"1", "scenario"=>{"title"=>"First Scenario"}}
  [4;35;1mPlatter::Feature Load (3.0ms)[0m   [0mSELECT * FROM "features" WHERE ("features"."id" = 1) [0m
  [4;36;1mSQL (1.0ms)[0m   [0;1mBEGIN[0m
  [4;35;1mPlatter::Scenario Load (4.0ms)[0m   [0mSELECT * FROM "scenarios" WHERE (feature_id = 1) ORDER BY position DESC LIMIT 1[0m
  [4;36;1mSQL (2.0ms)[0m   [0;1mINSERT INTO "scenarios" ("position", "created_at", "title", "updated_at", "feature_id") VALUES(3, '2009-09-14 03:22:42.607481', E'First Scenario', '2009-09-14 03:22:42.607481', 1) RETURNING "id"[0m
  [4;35;1mSQL (2.0ms)[0m   [0mCOMMIT[0m
Rendering scenarios/create
  [4;36;1mPlatter::Step Load (5.0ms)[0m   [0;1mSELECT * FROM "steps" WHERE ("steps".scenario_id = 3) ORDER BY position[0m
  [4;35;1mPlatter::Package Load (3.0ms)[0m   [0mSELECT * FROM "packages" WHERE ("packages"."id" = 1) [0m
Rendered steps/_list (32.0ms)

ActionView::TemplateError (undefined method `pacakge' for #<Platter::Scenario:0x7ee77470>) on line #3 of app/views/scenarios/_show.html.erb:
1: &nbsp;&nbsp;&nbsp;&nbsp;Scenario: <%= scenario.title %><br/>
2: <%= render :partial => "steps/list", :locals => { :scenario => scenario } %>
3: &nbsp;&nbsp;&nbsp;&nbsp;<%= link_to_remote "Edit", :update => dom_id(scenario), :url => edit_package_feature_scenario_path(scenario.pacakge, scenario.feature, scenario), :method => :get %>&nbsp;
4: <%= link_to_remote "Delete", :confirm => "Are you sure you want to delete this scenario?", :loading => visual_effect(:fade, dom_id(scenario)), :url => package_feature_scenario_path(scenario.package, scenario.feature, scenario), :method => :delete %>&nbsp;
5: <br/>
6: <br/>

    app/views/scenarios/_show.html.erb:3
    app/views/scenarios/_show_with_div.html.erb:2
    app/views/scenarios/_show_with_div.html.erb:1
    app/views/scenarios/create.rjs:3:in `_run_rjs_app47views47scenarios47create46rjs'
    app/views/scenarios/create.rjs:1:in `_run_rjs_app47views47scenarios47create46rjs'
    /usr/lib/ruby/1.8/webrick/httpserver.rb:104:in `service'
    /usr/lib/ruby/1.8/webrick/httpserver.rb:65:in `run'
    /usr/lib/ruby/1.8/webrick/server.rb:173:in `start_thread'
    /usr/lib/ruby/1.8/webrick/server.rb:162:in `start'
    /usr/lib/ruby/1.8/webrick/server.rb:162:in `start_thread'
    /usr/lib/ruby/1.8/webrick/server.rb:95:in `start'
    /usr/lib/ruby/1.8/webrick/server.rb:92:in `each'
    /usr/lib/ruby/1.8/webrick/server.rb:92:in `start'
    /usr/lib/ruby/1.8/webrick/server.rb:23:in `start'
    /usr/lib/ruby/1.8/webrick/server.rb:82:in `start'

Rendered rescues/_trace (223.0ms)
Rendered rescues/_request_and_response (0.0ms)
Rendering rescues/layout (internal_server_error)
  [4;36;1mSQL (3.0ms)[0m   [0;1mSET client_min_messages TO 'panic'[0m
  [4;35;1mSQL (1.0ms)[0m   [0mSET client_min_messages TO 'notice'[0m
  [4;36;1mSQL (2.0ms)[0m   [0;1mSET client_encoding TO 'utf8'[0m


Processing FeaturesController#index (for 127.0.0.1 at 2009-09-14 13:22:44) [GET]
  Parameters: {"package_id"=>"1"}
  [4;35;1mPlatter::Package Load (3.0ms)[0m   [0mSELECT * FROM "packages" WHERE ("packages"."id" = 1) [0m
Rendering template within layouts/main
Rendering features/index
  [4;36;1mPlatter::Feature Load (3.0ms)[0m   [0;1mSELECT * FROM "features" WHERE ("features".package_id = 1) [0m
  [4;35;1mCACHE (0.0ms)[0m   [0mSELECT * FROM "packages" WHERE ("packages"."id" = 1) [0m
Rendered features/_show_common (8.0ms)
Rendered features/_show_shrunk (13.0ms)
Rendered features/_show_shrunk_with_div (16.0ms)
  [4;36;1mCACHE (0.0ms)[0m   [0;1mSELECT * FROM "packages" WHERE ("packages"."id" = 1) [0m
Rendered features/_show_common (8.0ms)
Rendered features/_show_shrunk (14.0ms)
Rendered features/_show_shrunk_with_div (16.0ms)
Completed in 85ms (View: 55, DB: 12) | 200 OK [http://localhost/packages/1/features]
  [4;35;1mSQL (1.0ms)[0m   [0mSET client_min_messages TO 'panic'[0m
  [4;36;1mSQL (2.0ms)[0m   [0;1mSET client_min_messages TO 'notice'[0m
  [4;35;1mSQL (3.0ms)[0m   [0mSET client_encoding TO 'utf8'[0m


Processing FeaturesController#show (for 127.0.0.1 at 2009-09-14 13:22:46) [GET]
  Parameters: {"package_id"=>"1", "authenticity_token"=>"541o0tZJY6v0PMcPIL5yW/HvObk7olQDo0/5Opy9EQo=", "id"=>"1"}
  [4;36;1mPlatter::Feature Load (4.0ms)[0m   [0;1mSELECT * FROM "features" WHERE ("features"."id" = 1) [0m
Rendering features/show
  [4;35;1mPlatter::FeatureLine Load (6.0ms)[0m   [0mSELECT * FROM "feature_lines" WHERE ("feature_lines".feature_id = 1) ORDER BY position[0m
  [4;36;1mCACHE (0.0ms)[0m   [0;1mSELECT * FROM "features" WHERE ("features"."id" = 1) [0m
  [4;35;1mPlatter::Package Load (3.0ms)[0m   [0mSELECT * FROM "packages" WHERE ("packages"."id" = 1) [0m
Rendered lines/_show (28.0ms)
Rendered lines/_show_with_div (29.0ms)
  [4;36;1mCACHE (0.0ms)[0m   [0;1mSELECT * FROM "packages" WHERE ("packages"."id" = 1) [0m
Rendered lines/_list (53.0ms)
  [4;35;1mPlatter::Scenario Load (5.0ms)[0m   [0mSELECT * FROM "scenarios" WHERE ("scenarios".feature_id = 1) ORDER BY position[0m
  [4;36;1mPlatter::Step Load (6.0ms)[0m   [0;1mSELECT * FROM "steps" WHERE ("steps".scenario_id = 1) ORDER BY position[0m
  [4;35;1mCACHE (0.0ms)[0m   [0mSELECT * FROM "features" WHERE ("features"."id" = 1) [0m
  [4;36;1mCACHE (0.0ms)[0m   [0;1mSELECT * FROM "packages" WHERE ("packages"."id" = 1) [0m
Rendered steps/_list (20.0ms)

ActionView::TemplateError (undefined method `pacakge' for #<Platter::Scenario:0x7ed96574>) on line #3 of app/views/scenarios/_show.html.erb:
1: &nbsp;&nbsp;&nbsp;&nbsp;Scenario: <%= scenario.title %><br/>
2: <%= render :partial => "steps/list", :locals => { :scenario => scenario } %>
3: &nbsp;&nbsp;&nbsp;&nbsp;<%= link_to_remote "Edit", :update => dom_id(scenario), :url => edit_package_feature_scenario_path(scenario.pacakge, scenario.feature, scenario), :method => :get %>&nbsp;
4: <%= link_to_remote "Delete", :confirm => "Are you sure you want to delete this scenario?", :loading => visual_effect(:fade, dom_id(scenario)), :url => package_feature_scenario_path(scenario.package, scenario.feature, scenario), :method => :delete %>&nbsp;
5: <br/>
6: <br/>

    app/views/scenarios/_show.html.erb:3
    app/views/scenarios/_show_with_div.html.erb:2
    app/views/scenarios/_show_with_div.html.erb:1
    app/views/scenarios/_list.html.erb:3
    app/views/scenarios/_list.html.erb:2
    app/views/features/_show_expanded.html.erb:3
    app/views/features/show.html.erb:1
    /usr/lib/ruby/1.8/webrick/httpserver.rb:104:in `service'
    /usr/lib/ruby/1.8/webrick/httpserver.rb:65:in `run'
    /usr/lib/ruby/1.8/webrick/server.rb:173:in `start_thread'
    /usr/lib/ruby/1.8/webrick/server.rb:162:in `start'
    /usr/lib/ruby/1.8/webrick/server.rb:162:in `start_thread'
    /usr/lib/ruby/1.8/webrick/server.rb:95:in `start'
    /usr/lib/ruby/1.8/webrick/server.rb:92:in `each'
    /usr/lib/ruby/1.8/webrick/server.rb:92:in `start'
    /usr/lib/ruby/1.8/webrick/server.rb:23:in `start'
    /usr/lib/ruby/1.8/webrick/server.rb:82:in `start'

Rendered rescues/_trace (117.0ms)
Rendered rescues/_request_and_response (1.0ms)
Rendering rescues/layout (internal_server_error)
  [4;35;1mSQL (16.0ms)[0m   [0mSET client_min_messages TO 'panic'[0m
  [4;36;1mSQL (26.0ms)[0m   [0;1mSET client_min_messages TO 'notice'[0m
  [4;35;1mSQL (2.0ms)[0m   [0mSET client_encoding TO 'utf8'[0m


Processing FeaturesController#index (for 127.0.0.1 at 2009-09-14 13:23:20) [GET]
  Parameters: {"package_id"=>"1"}
  [4;36;1mPlatter::Package Load (25.0ms)[0m   [0;1mSELECT * FROM "packages" WHERE ("packages"."id" = 1) [0m
Rendering template within layouts/main
Rendering features/index
  [4;35;1mPlatter::Feature Load (32.0ms)[0m   [0mSELECT * FROM "features" WHERE ("features".package_id = 1) [0m
  [4;36;1mCACHE (0.0ms)[0m   [0;1mSELECT * FROM "packages" WHERE ("packages"."id" = 1) [0m
Rendered features/_show_common (7.0ms)
Rendered features/_show_shrunk (13.0ms)
Rendered features/_show_shrunk_with_div (15.0ms)
  [4;35;1mCACHE (0.0ms)[0m   [0mSELECT * FROM "packages" WHERE ("packages"."id" = 1) [0m
Rendered features/_show_common (7.0ms)
Rendered features/_show_shrunk (12.0ms)
Rendered features/_show_shrunk_with_div (13.0ms)
Completed in 197ms (View: 53, DB: 101) | 200 OK [http://localhost/packages/1/features]
  [4;36;1mSQL (2.0ms)[0m   [0;1mSET client_min_messages TO 'panic'[0m
  [4;35;1mSQL (0.0ms)[0m   [0mSET client_min_messages TO 'notice'[0m
  [4;36;1mSQL (3.0ms)[0m   [0;1mSET client_encoding TO 'utf8'[0m


Processing FeaturesController#show (for 127.0.0.1 at 2009-09-14 13:23:23) [GET]
  Parameters: {"package_id"=>"1", "authenticity_token"=>"541o0tZJY6v0PMcPIL5yW/HvObk7olQDo0/5Opy9EQo=", "id"=>"1"}
  [4;35;1mPlatter::Feature Load (3.0ms)[0m   [0mSELECT * FROM "features" WHERE ("features"."id" = 1) [0m
Rendering features/show
  [4;36;1mPlatter::FeatureLine Load (5.0ms)[0m   [0;1mSELECT * FROM "feature_lines" WHERE ("feature_lines".feature_id = 1) ORDER BY position[0m
  [4;35;1mCACHE (0.0ms)[0m   [0mSELECT * FROM "features" WHERE ("features"."id" = 1) [0m
  [4;36;1mPlatter::Package Load (4.0ms)[0m   [0;1mSELECT * FROM "packages" WHERE ("packages"."id" = 1) [0m
Rendered lines/_show (29.0ms)
Rendered lines/_show_with_div (32.0ms)
  [4;35;1mCACHE (0.0ms)[0m   [0mSELECT * FROM "packages" WHERE ("packages"."id" = 1) [0m
Rendered lines/_list (53.0ms)
  [4;36;1mPlatter::Scenario Load (4.0ms)[0m   [0;1mSELECT * FROM "scenarios" WHERE ("scenarios".feature_id = 1) ORDER BY position[0m
  [4;35;1mPlatter::Step Load (6.0ms)[0m   [0mSELECT * FROM "steps" WHERE ("steps".scenario_id = 1) ORDER BY position[0m
  [4;36;1mCACHE (0.0ms)[0m   [0;1mSELECT * FROM "features" WHERE ("features"."id" = 1) [0m
  [4;35;1mCACHE (0.0ms)[0m   [0mSELECT * FROM "packages" WHERE ("packages"."id" = 1) [0m
Rendered steps/_list (18.0ms)
Rendered scenarios/_show (28.0ms)
Rendered scenarios/_show_with_div (37.0ms)
  [4;36;1mPlatter::Step Load (3.0ms)[0m   [0;1mSELECT * FROM "steps" WHERE ("steps".scenario_id = 2) ORDER BY position[0m
  [4;35;1mCACHE (0.0ms)[0m   [0mSELECT * FROM "features" WHERE ("features"."id" = 1) [0m
  [4;36;1mCACHE (0.0ms)[0m   [0;1mSELECT * FROM "packages" WHERE ("packages"."id" = 1) [0m
Rendered steps/_list (8.0ms)
Rendered scenarios/_show (17.0ms)
Rendered scenarios/_show_with_div (18.0ms)
  [4;35;1mPlatter::Step Load (3.0ms)[0m   [0mSELECT * FROM "steps" WHERE ("steps".scenario_id = 3) ORDER BY position[0m
  [4;36;1mCACHE (0.0ms)[0m   [0;1mSELECT * FROM "features" WHERE ("features"."id" = 1) [0m
  [4;35;1mCACHE (0.0ms)[0m   [0mSELECT * FROM "packages" WHERE ("packages"."id" = 1) [0m
Rendered steps/_list (9.0ms)
Rendered scenarios/_show (18.0ms)
Rendered scenarios/_show_with_div (18.0ms)
Rendered scenarios/_list (98.0ms)
Rendered features/_show_common (8.0ms)
Rendered features/_show_expanded (168.0ms)
Completed in 199ms (View: 145, DB: 33) | 200 OK [http://localhost/packages/1/features/1?authenticity_token=541o0tZJY6v0PMcPIL5yW%2FHvObk7olQDo0%2F5Opy9EQo%3D]
  [4;36;1mSQL (2.0ms)[0m   [0;1mSET client_min_messages TO 'panic'[0m
  [4;35;1mSQL (2.0ms)[0m   [0mSET client_min_messages TO 'notice'[0m
  [4;36;1mSQL (2.0ms)[0m   [0;1mSET client_encoding TO 'utf8'[0m


Processing LinesController#edit (for 127.0.0.1 at 2009-09-14 13:23:26) [GET]
  Parameters: {"package_id"=>"1", "authenticity_token"=>"541o0tZJY6v0PMcPIL5yW/HvObk7olQDo0/5Opy9EQo=", "id"=>"2", "feature_id"=>"1"}
  [4;35;1mPlatter::FeatureLine Load (5.0ms)[0m   [0mSELECT * FROM "feature_lines" WHERE ("feature_lines"."id" = 2) [0m
Rendering lines/edit
  [4;36;1mPlatter::Feature Load (4.0ms)[0m   [0;1mSELECT * FROM "features" WHERE ("features"."id" = 1) [0m
  [4;35;1mPlatter::Package Load (4.0ms)[0m   [0mSELECT * FROM "packages" WHERE ("packages"."id" = 1) [0m
Rendered lines/_form_common (2.0ms)
Rendered lines/_form_edit (68.0ms)
Completed in 96ms (View: 62, DB: 19) | 200 OK [http://localhost/packages/1/features/1/lines/2/edit?authenticity_token=541o0tZJY6v0PMcPIL5yW%2FHvObk7olQDo0%2F5Opy9EQo%3D]
  [4;36;1mSQL (2.0ms)[0m   [0;1mSET client_min_messages TO 'panic'[0m
  [4;35;1mSQL (2.0ms)[0m   [0mSET client_min_messages TO 'notice'[0m
  [4;36;1mSQL (1.0ms)[0m   [0;1mSET client_encoding TO 'utf8'[0m


Processing LinesController#update (for 127.0.0.1 at 2009-09-14 13:23:30) [PUT]
  Parameters: {"package_id"=>"1", "commit"=>"Update", "line"=>{"text"=>"First Updated Line"}, "authenticity_token"=>"541o0tZJY6v0PMcPIL5yW/HvObk7olQDo0/5Opy9EQo=", "id"=>"2", "feature_id"=>"1"}
  [4;35;1mPlatter::FeatureLine Load (4.0ms)[0m   [0mSELECT * FROM "feature_lines" WHERE ("feature_lines"."id" = 2) [0m
  [4;36;1mSQL (1.0ms)[0m   [0;1mBEGIN[0m
  [4;35;1mPlatter::FeatureLine Update (3.0ms)[0m   [0mUPDATE "feature_lines" SET "updated_at" = '2009-09-14 03:23:30.787481', "text" = E'First Updated Line' WHERE "id" = 2[0m
  [4;36;1mSQL (4.0ms)[0m   [0;1mCOMMIT[0m
Rendering lines/show
  [4;35;1mPlatter::Feature Load (3.0ms)[0m   [0mSELECT * FROM "features" WHERE ("features"."id" = 1) [0m
  [4;36;1mPlatter::Package Load (4.0ms)[0m   [0;1mSELECT * FROM "packages" WHERE ("packages"."id" = 1) [0m
Rendered lines/_show (41.0ms)
Completed in 78ms (View: 36, DB: 24) | 200 OK [http://localhost/packages/1/features/1/lines/2]
  [4;35;1mSQL (2.0ms)[0m   [0mSET client_min_messages TO 'panic'[0m
  [4;36;1mSQL (2.0ms)[0m   [0;1mSET client_min_messages TO 'notice'[0m
  [4;35;1mSQL (2.0ms)[0m   [0mSET client_encoding TO 'utf8'[0m


Processing StepsController#new (for 127.0.0.1 at 2009-09-14 13:23:32) [GET]
  Parameters: {"package_id"=>"1", "scenario_id"=>"1", "authenticity_token"=>"541o0tZJY6v0PMcPIL5yW/HvObk7olQDo0/5Opy9EQo=", "feature_id"=>"1"}
  [4;36;1mPlatter::Scenario Load (5.0ms)[0m   [0;1mSELECT * FROM "scenarios" WHERE ("scenarios"."id" = 1) [0m
Rendering steps/new
  [4;35;1mPlatter::Feature Load (5.0ms)[0m   [0mSELECT * FROM "features" WHERE ("features"."id" = 1) [0m
  [4;36;1mPlatter::Package Load (4.0ms)[0m   [0;1mSELECT * FROM "packages" WHERE ("packages"."id" = 1) [0m
Rendered steps/_form_common (4.0ms)
Rendered steps/_form_new (91.0ms)
Completed in 269ms (View: 101, DB: 20) | 200 OK [http://localhost/packages/1/features/1/scenarios/1/steps/new?authenticity_token=541o0tZJY6v0PMcPIL5yW%2FHvObk7olQDo0%2F5Opy9EQo%3D]
  [4;35;1mSQL (1.0ms)[0m   [0mSET client_min_messages TO 'panic'[0m
  [4;36;1mSQL (3.0ms)[0m   [0;1mSET client_min_messages TO 'notice'[0m
  [4;35;1mSQL (1.0ms)[0m   [0mSET client_encoding TO 'utf8'[0m


Processing StepsController#create (for 127.0.0.1 at 2009-09-14 13:23:35) [POST]
  Parameters: {"package_id"=>"1", "scenario_id"=>"1", "step"=>{"text"=>"First Step"}, "commit"=>"Add", "authenticity_token"=>"541o0tZJY6v0PMcPIL5yW/HvObk7olQDo0/5Opy9EQo=", "feature_id"=>"1"}
  [4;36;1mPlatter::Scenario Load (4.0ms)[0m   [0;1mSELECT * FROM "scenarios" WHERE ("scenarios"."id" = 1) [0m
  [4;35;1mSQL (1.0ms)[0m   [0mBEGIN[0m
  [4;36;1mPlatter::Step Load (4.0ms)[0m   [0;1mSELECT * FROM "steps" WHERE (scenario_id = 1) ORDER BY position DESC LIMIT 1[0m
  [4;35;1mSQL (35.0ms)[0m   [0mINSERT INTO "steps" ("position", "scenario_id", "created_at", "updated_at", "text") VALUES(1, 1, '2009-09-14 03:23:35.946481', '2009-09-14 03:23:35.946481', E'First Step') RETURNING "id"[0m
  [4;36;1mSQL (2.0ms)[0m   [0;1mCOMMIT[0m
Rendering steps/create
  [4;35;1mPlatter::Feature Load (4.0ms)[0m   [0mSELECT * FROM "features" WHERE ("features"."id" = 1) [0m
  [4;36;1mPlatter::Package Load (3.0ms)[0m   [0;1mSELECT * FROM "packages" WHERE ("packages"."id" = 1) [0m
Rendered steps/_show (44.0ms)
Rendered steps/_show_with_div (52.0ms)
Completed in 161ms (View: 61, DB: 58) | 200 OK [http://localhost/packages/1/features/1/scenarios/1/steps]
  [4;35;1mSQL (1.0ms)[0m   [0mSET client_min_messages TO 'panic'[0m
  [4;36;1mSQL (2.0ms)[0m   [0;1mSET client_min_messages TO 'notice'[0m
  [4;35;1mSQL (2.0ms)[0m   [0mSET client_encoding TO 'utf8'[0m


Processing StepsController#edit (for 127.0.0.1 at 2009-09-14 13:23:37) [GET]
  Parameters: {"package_id"=>"1", "scenario_id"=>"1", "authenticity_token"=>"541o0tZJY6v0PMcPIL5yW/HvObk7olQDo0/5Opy9EQo=", "id"=>"1", "feature_id"=>"1"}
  [4;36;1mPlatter::Step Load (3.0ms)[0m   [0;1mSELECT * FROM "steps" WHERE ("steps"."id" = 1) [0m
Rendering steps/edit
  [4;35;1mPlatter::Scenario Load (5.0ms)[0m   [0mSELECT * FROM "scenarios" WHERE ("scenarios"."id" = 1) [0m
  [4;36;1mPlatter::Feature Load (5.0ms)[0m   [0;1mSELECT * FROM "features" WHERE ("features"."id" = 1) [0m
  [4;35;1mPlatter::Package Load (4.0ms)[0m   [0mSELECT * FROM "packages" WHERE ("packages"."id" = 1) [0m
Rendered steps/_form_common (4.0ms)
Rendered steps/_form_edit (84.0ms)
Completed in 125ms (View: 87, DB: 22) | 200 OK [http://localhost/packages/1/features/1/scenarios/1/steps/1/edit?authenticity_token=541o0tZJY6v0PMcPIL5yW%2FHvObk7olQDo0%2F5Opy9EQo%3D]
  [4;36;1mSQL (2.0ms)[0m   [0;1mSET client_min_messages TO 'panic'[0m
  [4;35;1mSQL (2.0ms)[0m   [0mSET client_min_messages TO 'notice'[0m
  [4;36;1mSQL (2.0ms)[0m   [0;1mSET client_encoding TO 'utf8'[0m


Processing StepsController#update (for 127.0.0.1 at 2009-09-14 13:23:39) [PUT]
  Parameters: {"package_id"=>"1", "scenario_id"=>"1", "step"=>{"text"=>"First Updated Step"}, "commit"=>"Update", "authenticity_token"=>"541o0tZJY6v0PMcPIL5yW/HvObk7olQDo0/5Opy9EQo=", "id"=>"1", "feature_id"=>"1"}
  [4;35;1mPlatter::Step Load (4.0ms)[0m   [0mSELECT * FROM "steps" WHERE ("steps"."id" = 1) [0m
  [4;36;1mSQL (1.0ms)[0m   [0;1mBEGIN[0m
  [4;35;1mPlatter::Step Update (2.0ms)[0m   [0mUPDATE "steps" SET "updated_at" = '2009-09-14 03:23:40.039481', "text" = E'First Updated Step' WHERE "id" = 1[0m
  [4;36;1mSQL (1.0ms)[0m   [0;1mCOMMIT[0m
Rendering steps/show
  [4;35;1mPlatter::Scenario Load (4.0ms)[0m   [0mSELECT * FROM "scenarios" WHERE ("scenarios"."id" = 1) [0m
  [4;36;1mPlatter::Feature Load (3.0ms)[0m   [0;1mSELECT * FROM "features" WHERE ("features"."id" = 1) [0m
  [4;35;1mPlatter::Package Load (3.0ms)[0m   [0mSELECT * FROM "packages" WHERE ("packages"."id" = 1) [0m
Rendered steps/_show (62.0ms)
Completed in 235ms (View: 60, DB: 24) | 200 OK [http://localhost/packages/1/features/1/scenarios/1/steps/1]
  [4;36;1mSQL (5.0ms)[0m   [0;1mSET client_min_messages TO 'panic'[0m
  [4;35;1mSQL (1.0ms)[0m   [0mSET client_min_messages TO 'notice'[0m
  [4;36;1mSQL (2.0ms)[0m   [0;1mSET client_encoding TO 'utf8'[0m


Processing StepsController#destroy (for 127.0.0.1 at 2009-09-14 13:23:43) [DELETE]
  Parameters: {"package_id"=>"1", "scenario_id"=>"1", "authenticity_token"=>"541o0tZJY6v0PMcPIL5yW/HvObk7olQDo0/5Opy9EQo=", "id"=>"1", "feature_id"=>"1"}
  [4;35;1mSQL (3.0ms)[0m   [0mBEGIN[0m
  [4;36;1mPlatter::Step Load (3.0ms)[0m   [0;1mSELECT * FROM "steps" WHERE ("steps"."id" = 1) [0m
  [4;35;1mPlatter::Step Update (1.0ms)[0m   [0mUPDATE "steps" SET position = (position - 1) WHERE (scenario_id = 1 AND position > 1) [0m
  [4;36;1mPlatter::Step Destroy (3.0ms)[0m   [0;1mDELETE FROM "steps" WHERE "id" = 1[0m
  [4;35;1mSQL (2.0ms)[0m   [0mCOMMIT[0m
Rendering steps/destroy
Completed in 54ms (View: 12, DB: 20) | 200 OK [http://localhost/packages/1/features/1/scenarios/1/steps/1]
  [4;36;1mSQL (1.0ms)[0m   [0;1mSET client_min_messages TO 'panic'[0m
  [4;35;1mSQL (2.0ms)[0m   [0mSET client_min_messages TO 'notice'[0m
  [4;36;1mSQL (1.0ms)[0m   [0;1mSET client_encoding TO 'utf8'[0m


Processing StepsController#new (for 127.0.0.1 at 2009-09-14 13:23:48) [GET]
  Parameters: {"package_id"=>"1", "scenario_id"=>"1", "authenticity_token"=>"541o0tZJY6v0PMcPIL5yW/HvObk7olQDo0/5Opy9EQo=", "feature_id"=>"1"}
  [4;35;1mPlatter::Scenario Load (5.0ms)[0m   [0mSELECT * FROM "scenarios" WHERE ("scenarios"."id" = 1) [0m
Rendering steps/new
  [4;36;1mPlatter::Feature Load (5.0ms)[0m   [0;1mSELECT * FROM "features" WHERE ("features"."id" = 1) [0m
  [4;35;1mPlatter::Package Load (3.0ms)[0m   [0mSELECT * FROM "packages" WHERE ("packages"."id" = 1) [0m
Rendered steps/_form_common (2.0ms)
Rendered steps/_form_new (78.0ms)
Completed in 109ms (View: 75, DB: 17) | 200 OK [http://localhost/packages/1/features/1/scenarios/1/steps/new?authenticity_token=541o0tZJY6v0PMcPIL5yW%2FHvObk7olQDo0%2F5Opy9EQo%3D]
  [4;36;1mSQL (3.0ms)[0m   [0;1mSET client_min_messages TO 'panic'[0m
  [4;35;1mSQL (1.0ms)[0m   [0mSET client_min_messages TO 'notice'[0m
  [4;36;1mSQL (2.0ms)[0m   [0;1mSET client_encoding TO 'utf8'[0m


Processing StepsController#create (for 127.0.0.1 at 2009-09-14 13:23:52) [POST]
  Parameters: {"package_id"=>"1", "scenario_id"=>"1", "step"=>{"text"=>"First Step"}, "commit"=>"Add", "authenticity_token"=>"541o0tZJY6v0PMcPIL5yW/HvObk7olQDo0/5Opy9EQo=", "feature_id"=>"1"}
  [4;35;1mPlatter::Scenario Load (4.0ms)[0m   [0mSELECT * FROM "scenarios" WHERE ("scenarios"."id" = 1) [0m
  [4;36;1mSQL (2.0ms)[0m   [0;1mBEGIN[0m
  [4;35;1mPlatter::Step Load (4.0ms)[0m   [0mSELECT * FROM "steps" WHERE (scenario_id = 1) ORDER BY position DESC LIMIT 1[0m
  [4;36;1mSQL (2.0ms)[0m   [0;1mINSERT INTO "steps" ("position", "scenario_id", "created_at", "updated_at", "text") VALUES(1, 1, '2009-09-14 03:23:52.095481', '2009-09-14 03:23:52.095481', E'First Step') RETURNING "id"[0m
  [4;35;1mSQL (1.0ms)[0m   [0mCOMMIT[0m
Rendering steps/create
  [4;36;1mPlatter::Feature Load (5.0ms)[0m   [0;1mSELECT * FROM "features" WHERE ("features"."id" = 1) [0m
  [4;35;1mPlatter::Package Load (4.0ms)[0m   [0mSELECT * FROM "packages" WHERE ("packages"."id" = 1) [0m
Rendered steps/_show (43.0ms)
Rendered steps/_show_with_div (45.0ms)
Completed in 112ms (View: 41, DB: 28) | 200 OK [http://localhost/packages/1/features/1/scenarios/1/steps]
  [4;36;1mSQL (2.0ms)[0m   [0;1mSET client_min_messages TO 'panic'[0m
  [4;35;1mSQL (2.0ms)[0m   [0mSET client_min_messages TO 'notice'[0m
  [4;36;1mSQL (2.0ms)[0m   [0;1mSET client_encoding TO 'utf8'[0m


Processing LinesController#edit (for 127.0.0.1 at 2009-09-14 13:23:53) [GET]
  Parameters: {"package_id"=>"1", "authenticity_token"=>"541o0tZJY6v0PMcPIL5yW/HvObk7olQDo0/5Opy9EQo=", "id"=>"2", "feature_id"=>"1"}
  [4;35;1mPlatter::FeatureLine Load (5.0ms)[0m   [0mSELECT * FROM "feature_lines" WHERE ("feature_lines"."id" = 2) [0m
Rendering lines/edit
  [4;36;1mPlatter::Feature Load (7.0ms)[0m   [0;1mSELECT * FROM "features" WHERE ("features"."id" = 1) [0m
  [4;35;1mPlatter::Package Load (5.0ms)[0m   [0mSELECT * FROM "packages" WHERE ("packages"."id" = 1) [0m
Rendered lines/_form_common (3.0ms)
Rendered lines/_form_edit (201.0ms)
Completed in 230ms (View: 193, DB: 23) | 200 OK [http://localhost/packages/1/features/1/lines/2/edit?authenticity_token=541o0tZJY6v0PMcPIL5yW%2FHvObk7olQDo0%2F5Opy9EQo%3D]
  [4;36;1mSQL (2.0ms)[0m   [0;1mSET client_min_messages TO 'panic'[0m
  [4;35;1mSQL (2.0ms)[0m   [0mSET client_min_messages TO 'notice'[0m
  [4;36;1mSQL (2.0ms)[0m   [0;1mSET client_encoding TO 'utf8'[0m


Processing LinesController#update (for 127.0.0.1 at 2009-09-14 13:23:57) [PUT]
  Parameters: {"package_id"=>"1", "commit"=>"Update", "line"=>{"text"=>"First Line"}, "authenticity_token"=>"541o0tZJY6v0PMcPIL5yW/HvObk7olQDo0/5Opy9EQo=", "id"=>"2", "feature_id"=>"1"}
  [4;35;1mPlatter::FeatureLine Load (5.0ms)[0m   [0mSELECT * FROM "feature_lines" WHERE ("feature_lines"."id" = 2) [0m
  [4;36;1mSQL (1.0ms)[0m   [0;1mBEGIN[0m
  [4;35;1mPlatter::FeatureLine Update (3.0ms)[0m   [0mUPDATE "feature_lines" SET "updated_at" = '2009-09-14 03:23:57.043481', "text" = E'First Line' WHERE "id" = 2[0m
  [4;36;1mSQL (1.0ms)[0m   [0;1mCOMMIT[0m
Rendering lines/show
  [4;35;1mPlatter::Feature Load (3.0ms)[0m   [0mSELECT * FROM "features" WHERE ("features"."id" = 1) [0m
  [4;36;1mPlatter::Package Load (4.0ms)[0m   [0;1mSELECT * FROM "packages" WHERE ("packages"."id" = 1) [0m
Rendered lines/_show (41.0ms)
Completed in 84ms (View: 37, DB: 23) | 200 OK [http://localhost/packages/1/features/1/lines/2]
